2024-09-13 17:09:964 INFO  OrangeHrmProject:65 - url is opened
2024-09-13 17:09:632 INFO  OrangeHrmProject:65 - enter username
2024-09-13 17:09:836 INFO  OrangeHrmProject:65 - enter password
2024-09-13 17:09:876 INFO  OrangeHrmProject:65 - login successfully
2024-09-13 17:09:434 INFO  OrangeHrmProject:65 - url is opened
2024-09-13 17:09:403 INFO  OrangeHrmProject:65 - enter username
2024-09-13 17:09:574 INFO  OrangeHrmProject:65 - enter password
2024-09-13 17:09:896 INFO  OrangeHrmProject:65 - login successfully
2024-09-13 17:09:433 INFO  OrangeHrmProject:65 - url is opened
2024-09-13 17:09:30 INFO  OrangeHrmProject:65 - enter username
2024-09-13 17:09:180 INFO  OrangeHrmProject:65 - enter password
2024-09-13 17:09:659 INFO  OrangeHrmProject:65 - login successfully
2024-09-13 17:09:622 INFO  OrangeHrmProject:65 - logout successfully
2024-09-13 17:09:185 INFO  OrangeHrmProject:65 - url is opened
2024-09-13 17:09:668 INFO  OrangeHrmProject:65 - enter username
2024-09-13 17:09:817 INFO  OrangeHrmProject:65 - enter password
2024-09-13 17:09:910 INFO  OrangeHrmProject:65 - login successfully
2024-09-13 17:09:671 INFO  OrangeHrmProject:65 - url is opened
2024-09-13 17:09:89 INFO  OrangeHrmProject:65 - enter username
2024-09-13 17:09:240 INFO  OrangeHrmProject:65 - enter password
2024-09-13 17:09:357 INFO  OrangeHrmProject:65 - login successfully
2024-09-13 17:09:194 INFO  OrangeHrmProject:65 - url is opened
2024-09-13 17:09:616 INFO  OrangeHrmProject:65 - enter username
2024-09-13 17:09:755 INFO  OrangeHrmProject:65 - enter password
2024-09-13 17:09:911 INFO  OrangeHrmProject:65 - login successfully
2024-09-13 17:09:838 INFO  OrangeHrmProject:65 - logout successfully
2024-09-13 17:09:265 INFO  OrangeHrmProject:65 - url is opened
2024-09-13 17:09:688 INFO  OrangeHrmProject:65 - enter username
2024-09-13 17:09:819 INFO  OrangeHrmProject:65 - enter password
2024-09-13 17:09:977 INFO  OrangeHrmProject:65 - login successfully
2024-09-13 18:09:322 INFO  OrangeHrmProject:65 - url is opened
2024-09-13 18:09:598 INFO  OrangeHrmProject:65 - enter username
2024-09-13 18:09:853 INFO  OrangeHrmProject:65 - enter password
2024-09-13 18:09:06 INFO  OrangeHrmProject:65 - login successfully
2024-09-13 18:09:257 INFO  OrangeHrmProject:65 - logout successfully
2024-09-13 18:09:819 INFO  OrangeHrmProject:65 - url is opened
2024-09-13 18:09:983 INFO  OrangeHrmProject:65 - enter username
2024-09-13 18:09:148 INFO  OrangeHrmProject:65 - enter password
2024-09-13 18:09:128 INFO  OrangeHrmProject:65 - url is opened
2024-09-13 18:09:570 INFO  OrangeHrmProject:65 - enter username
2024-09-13 18:09:751 INFO  OrangeHrmProject:65 - enter password
2024-09-13 18:09:543 INFO  OrangeHrmProject:65 - url is opened
2024-09-13 18:09:975 INFO  OrangeHrmProject:65 - enter username
2024-09-13 18:09:159 INFO  OrangeHrmProject:65 - enter password
2024-09-13 18:09:376 INFO  OrangeHrmProject:65 - login successfully
2024-09-13 18:09:330 INFO  OrangeHrmProject:65 - logout successfully
2024-09-13 18:09:767 INFO  OrangeHrmProject:65 - url is opened
2024-09-13 18:09:233 INFO  OrangeHrmProject:65 - enter username
2024-09-13 18:09:382 INFO  OrangeHrmProject:65 - enter password
2024-09-13 18:09:763 INFO  OrangeHrmProject:65 - url is opened
2024-09-13 18:09:366 INFO  OrangeHrmProject:65 - enter username
2024-09-13 18:09:585 INFO  OrangeHrmProject:65 - enter password
2024-09-13 18:09:22 INFO  OrangeHrmProject:65 - login successfully
2024-09-13 18:09:67 INFO  OrangeHrmProject:65 - logout successfully
2024-09-13 18:09:638 INFO  OrangeHrmProject:65 - url is opened
2024-09-13 18:09:146 INFO  OrangeHrmProject:65 - enter username
2024-09-13 18:09:361 INFO  OrangeHrmProject:65 - enter password
2024-09-13 18:09:349 INFO  OrangeHrmProject:65 - url is opened
2024-09-13 18:09:943 INFO  OrangeHrmProject:65 - enter username
2024-09-13 18:09:210 INFO  OrangeHrmProject:65 - enter password
2024-09-13 18:09:827 INFO  OrangeHrmProject:65 - url is opened
2024-09-13 18:09:317 INFO  OrangeHrmProject:65 - enter username
2024-09-13 18:09:468 INFO  OrangeHrmProject:65 - enter password
2024-09-13 18:09:871 INFO  OrangeHrmProject:65 - login successfully
2024-09-13 18:09:948 INFO  OrangeHrmProject:65 - logout successfully
2024-09-13 18:09:376 INFO  OrangeHrmProject:65 - url is opened
2024-09-13 18:09:880 INFO  OrangeHrmProject:65 - enter username
2024-09-13 18:09:136 INFO  OrangeHrmProject:65 - enter password
